<?xml version="1.0" encoding="UTF-8"?>
<!-- Generated by org.testng.reporters.JUnitReportReporter -->
<testsuite hostname="SCD010210" name="firefox.FirefoxTestDesktop" tests="1" failures="0" timestamp="12 Jan 2016 18:07:02 GMT" time="6.675" errors="0">
  <testcase name="GoogleLogin_Invalid" time="6.675" classname="firefox.FirefoxTestDesktop"/>
</testsuite> <!-- firefox.FirefoxTestDesktop -->
